<?xml version="1.0" encoding="UTF-8"?>
<testsuite xmlns:xsi="http://www.w3.org/2001/XMLSchema-instance" xsi:noNamespaceSchemaLocation="https://maven.apache.org/surefire/maven-surefire-plugin/xsd/surefire-test-report-3.0.xsd" version="3.0" name="tn.esprit.devops_project.ProductTest" time="16.618" tests="4" errors="0" skipped="0" failures="0">
  <properties>
[...]
</properties>
  <testcase name="retrieveAllProductTest" classname="tn.esprit.devops_project.ProductTest" time="0.23">
    <system-out><![CDATA[10:56:08.788 [main] DEBUG org.springframework.test.context.BootstrapUtils - Instantiating CacheAwareContextLoaderDelegate from class [org.springframework.test.context.cache.DefaultCacheAwareContextLoaderDelegate]
10:56:08.867 [main] DEBUG org.springframework.test.context.BootstrapUtils - Instantiating BootstrapContext using constructor [public org.springframework.test.context.support.DefaultBootstrapContext(java.lang.Class,org.springframework.test.context.CacheAwareContextLoaderDelegate)]
10:56:09.010 [main] DEBUG org.springframework.test.context.BootstrapUtils - Instantiating TestContextBootstrapper for test class [tn.esprit.devops_project.ProductTest] from class [org.springframework.boot.test.context.SpringBootTestContextBootstrapper]
10:56:09.044 [main] INFO org.springframework.boot.test.context.SpringBootTestContextBootstrapper - Neither @ContextConfiguration nor @ContextHierarchy found for test class [tn.esprit.devops_project.ProductTest], using SpringBootContextLoader
10:56:09.053 [main] DEBUG org.springframework.test.context.support.AbstractContextLoader - Did not detect default resource location for test class [tn.esprit.devops_project.ProductTest]: class path resource [tn/esprit/devops_project/ProductTest-context.xml] does not exist
10:56:09.053 [main] DEBUG org.springframework.test.context.support.AbstractContextLoader - Did not detect default resource location for test class [tn.esprit.devops_project.ProductTest]: class path resource [tn/esprit/devops_project/ProductTestContext.groovy] does not exist
10:56:09.054 [main] INFO org.springframework.test.context.support.AbstractContextLoader - Could not detect default resource locations for test class [tn.esprit.devops_project.ProductTest]: no resource found for suffixes {-context.xml, Context.groovy}.
10:56:09.055 [main] INFO org.springframework.test.context.support.AnnotationConfigContextLoaderUtils - Could not detect default configuration classes for test class [tn.esprit.devops_project.ProductTest]: ProductTest does not declare any static, non-private, non-final, nested classes annotated with @Configuration.
10:56:09.213 [main] DEBUG org.springframework.test.context.support.ActiveProfilesUtils - Could not find an 'annotation declaring class' for annotation type [org.springframework.test.context.ActiveProfiles] and class [tn.esprit.devops_project.ProductTest]
10:56:09.378 [main] DEBUG org.springframework.context.annotation.ClassPathScanningCandidateComponentProvider - Identified candidate component class: file [C:\Users\HP\Desktop\5SIM2-G5-DEVOPSproject\DevOps_Project\target\classes\tn\esprit\devops_project\DevOps_ProjectSpringBootApplication.class]
10:56:09.380 [main] INFO org.springframework.boot.test.context.SpringBootTestContextBootstrapper - Found @SpringBootConfiguration tn.esprit.devops_project.DevOps_ProjectSpringBootApplication for test class tn.esprit.devops_project.ProductTest
10:56:09.610 [main] DEBUG org.springframework.boot.test.context.SpringBootTestContextBootstrapper - @TestExecutionListeners is not present for class [tn.esprit.devops_project.ProductTest]: using defaults.
10:56:09.611 [main] INFO org.springframework.boot.test.context.SpringBootTestContextBootstrapper - Loaded default TestExecutionListener class names from location [META-INF/spring.factories]: [org.springframework.boot.test.mock.mockito.MockitoTestExecutionListener, org.springframework.boot.test.mock.mockito.ResetMocksTestExecutionListener, org.springframework.boot.test.autoconfigure.restdocs.RestDocsTestExecutionListener, org.springframework.boot.test.autoconfigure.web.client.MockRestServiceServerResetTestExecutionListener, org.springframework.boot.test.autoconfigure.web.servlet.MockMvcPrintOnlyOnFailureTestExecutionListener, org.springframework.boot.test.autoconfigure.web.servlet.WebDriverTestExecutionListener, org.springframework.boot.test.autoconfigure.webservices.client.MockWebServiceServerTestExecutionListener, org.springframework.test.context.web.ServletTestExecutionListener, org.springframework.test.context.support.DirtiesContextBeforeModesTestExecutionListener, org.springframework.test.context.event.ApplicationEventsTestExecutionListener, org.springframework.test.context.support.DependencyInjectionTestExecutionListener, org.springframework.test.context.support.DirtiesContextTestExecutionListener, org.springframework.test.context.transaction.TransactionalTestExecutionListener, org.springframework.test.context.jdbc.SqlScriptsTestExecutionListener, org.springframework.test.context.event.EventPublishingTestExecutionListener]
10:56:09.659 [main] INFO org.springframework.boot.test.context.SpringBootTestContextBootstrapper - Using TestExecutionListeners: [org.springframework.test.context.web.ServletTestExecutionListener@2445445a, org.springframework.test.context.support.DirtiesContextBeforeModesTestExecutionListener@7502291e, org.springframework.test.context.event.ApplicationEventsTestExecutionListener@17aad511, org.springframework.boot.test.mock.mockito.MockitoTestExecutionListener@487db668, org.springframework.boot.test.autoconfigure.SpringBootDependencyInjectionTestExecutionListener@46944ca9, org.springframework.test.context.support.DirtiesContextTestExecutionListener@22bac7bc, org.springframework.test.context.transaction.TransactionalTestExecutionListener@63798ca7, org.springframework.test.context.jdbc.SqlScriptsTestExecutionListener@4612b856, org.springframework.test.context.event.EventPublishingTestExecutionListener@22875539, org.springframework.boot.test.mock.mockito.ResetMocksTestExecutionListener@5674e1f2, org.springframework.boot.test.autoconfigure.restdocs.RestDocsTestExecutionListener@79c7532f, org.springframework.boot.test.autoconfigure.web.client.MockRestServiceServerResetTestExecutionListener@2a448449, org.springframework.boot.test.autoconfigure.web.servlet.MockMvcPrintOnlyOnFailureTestExecutionListener@32f232a5, org.springframework.boot.test.autoconfigure.web.servlet.WebDriverTestExecutionListener@43f82e78, org.springframework.boot.test.autoconfigure.webservices.client.MockWebServiceServerTestExecutionListener@e54303]
10:56:09.669 [main] DEBUG org.springframework.test.context.support.AbstractDirtiesContextTestExecutionListener - Before test class: context [DefaultTestContext@4758820d testClass = ProductTest, testInstance = [null], testMethod = [null], testException = [null], mergedContextConfiguration = [WebMergedContextConfiguration@74eb909f testClass = ProductTest, locations = '{}', classes = '{class tn.esprit.devops_project.DevOps_ProjectSpringBootApplication}', contextInitializerClasses = '[]', activeProfiles = '{}', propertySourceLocations = '{}', propertySourceProperties = '{org.springframework.boot.test.context.SpringBootTestContextBootstrapper=true}', contextCustomizers = set[org.springframework.boot.test.context.filter.ExcludeFilterContextCustomizer@6440112d, org.springframework.boot.test.json.DuplicateJsonObjectContextCustomizerFactory$DuplicateJsonObjectContextCustomizer@7d9d0818, org.springframework.boot.test.mock.mockito.MockitoContextCustomizer@0, org.springframework.boot.test.web.client.TestRestTemplateContextCustomizer@19932c16, org.springframework.boot.test.autoconfigure.actuate.metrics.MetricsExportContextCustomizerFactory$DisableMetricExportContextCustomizer@548a24a, org.springframework.boot.test.autoconfigure.properties.PropertyMappingContextCustomizer@0, org.springframework.boot.test.autoconfigure.web.servlet.WebDriverContextCustomizerFactory$Customizer@7a5ceedd, org.springframework.boot.test.context.SpringBootTestArgs@1, org.springframework.boot.test.context.SpringBootTestWebEnvironment@276438c9], resourceBasePath = 'src/main/webapp', contextLoader = 'org.springframework.boot.test.context.SpringBootContextLoader', parent = [null]], attributes = map['org.springframework.test.context.web.ServletTestExecutionListener.activateListener' -> true]], class annotated with @DirtiesContext [false] with mode [null].

  .   ____          _            __ _ _
 /\\ / ___'_ __ _ _(_)_ __  __ _ \ \ \ \
( ( )\___ | '_ | '_| | '_ \/ _` | \ \ \ \
 \\/  ___)| |_)| | | | | || (_| |  ) ) ) )
  '  |____| .__|_| |_|_| |_\__, | / / / /
 =========|_|==============|___/=/_/_/_/
 :: Spring Boot ::               (v2.7.13)

2023-11-05 10:56:10.446  INFO 9376 --- [           main] tn.esprit.devops_project.ProductTest     : Starting ProductTest using Java 20.0.2.1 on DESKTOP-6QQSP0L with PID 9376 (started by HP in C:\Users\HP\Desktop\5SIM2-G5-DEVOPSproject\DevOps_Project)
2023-11-05 10:56:10.449  INFO 9376 --- [           main] tn.esprit.devops_project.ProductTest     : No active profile set, falling back to 1 default profile: "default"
2023-11-05 10:56:13.033  INFO 9376 --- [           main] .s.d.r.c.RepositoryConfigurationDelegate : Bootstrapping Spring Data JPA repositories in DEFAULT mode.
2023-11-05 10:56:13.225  INFO 9376 --- [           main] .s.d.r.c.RepositoryConfigurationDelegate : Finished Spring Data repository scanning in 172 ms. Found 7 JPA repository interfaces.
2023-11-05 10:56:14.909  INFO 9376 --- [           main] o.hibernate.jpa.internal.util.LogHelper  : HHH000204: Processing PersistenceUnitInfo [name: default]
2023-11-05 10:56:15.051  INFO 9376 --- [           main] org.hibernate.Version                    : HHH000412: Hibernate ORM core version 5.6.15.Final
2023-11-05 10:56:15.480  INFO 9376 --- [           main] o.hibernate.annotations.common.Version   : HCANN000001: Hibernate Commons Annotations {5.1.2.Final}
2023-11-05 10:56:16.005  INFO 9376 --- [           main] com.zaxxer.hikari.HikariDataSource       : HikariPool-1 - Starting...
2023-11-05 10:56:16.530  INFO 9376 --- [           main] com.zaxxer.hikari.HikariDataSource       : HikariPool-1 - Start completed.
2023-11-05 10:56:16.561  INFO 9376 --- [           main] org.hibernate.dialect.Dialect            : HHH000400: Using dialect: org.hibernate.dialect.MySQL5Dialect
2023-11-05 10:56:18.981  INFO 9376 --- [           main] o.h.e.t.j.p.i.JtaPlatformInitiator       : HHH000490: Using JtaPlatform implementation: [org.hibernate.engine.transaction.jta.platform.internal.NoJtaPlatform]
2023-11-05 10:56:19.003  INFO 9376 --- [           main] j.LocalContainerEntityManagerFactoryBean : Initialized JPA EntityManagerFactory for persistence unit 'default'
2023-11-05 10:56:21.576  WARN 9376 --- [           main] JpaBaseConfiguration$JpaWebConfiguration : spring.jpa.open-in-view is enabled by default. Therefore, database queries may be performed during view rendering. Explicitly configure spring.jpa.open-in-view to disable this warning
2023-11-05 10:56:23.856  INFO 9376 --- [           main] o.s.b.a.e.web.EndpointLinksResolver      : Exposing 1 endpoint(s) beneath base path '/actuator'
2023-11-05 10:56:23.985  INFO 9376 --- [           main] tn.esprit.devops_project.ProductTest     : Started ProductTest in 14.207 seconds (JVM running for 16.969)
.............................[tn.esprit.devops_project.entities.Product@548e70f0, tn.esprit.devops_project.entities.Product@2b14628b]
]]></system-out>
  </testcase>
  <testcase name="deleteProductTest" classname="tn.esprit.devops_project.ProductTest" time="0.014"/>
  <testcase name="addProductTest" classname="tn.esprit.devops_project.ProductTest" time="0.012"/>
  <testcase name="retrieveProductTest" classname="tn.esprit.devops_project.ProductTest" time="0.017"/>
</testsuite>